<?xml version="1.0" encoding="UTF-8"?>
<!-- Generated by org.testng.reporters.JUnitReportReporter -->
<testsuite skipped="0" hostname="mt-PC" name="test.bla.AppTest" tests="1" failures="0" timestamp="20 May 2018 17:13:22 GMT" time="6.442" errors="0">
  <testcase name="Test001" time="6.442" classname="test.bla.AppTest"/>
</testsuite> <!-- test.bla.AppTest -->
