<?xml version="1.0" encoding="UTF-8"?>
<!-- Generated by org.testng.reporters.JUnitReportReporter -->
<testsuite skipped="0" hostname="mt-PC" name="karteautobuske.bookingTests" tests="2" failures="0" timestamp="15 Jul 2018 12:11:58 GMT" time="23.193" errors="0">
  <testcase name="happyPath001" time="12.302" classname="karteautobuske.bookingTests"/>
  <testcase name="happyPath001" time="10.891" classname="karteautobuske.bookingTests"/>
</testsuite> <!-- karteautobuske.bookingTests -->
