<?xml version="1.0" encoding="UTF-8"?>
<!-- Generated by org.testng.reporters.JUnitReportReporter -->
<testsuite skipped="0" hostname="mt-PC" name="data.driven.DataDriven001" tests="4" failures="0" timestamp="05 Jul 2018 17:58:05 GMT" time="1.322" errors="0">
  <testcase name="testBMICalculator" time="0.562" classname="data.driven.DataDriven001"/>
  <testcase name="testBMICalculator" time="0.249" classname="data.driven.DataDriven001"/>
  <testcase name="testBMICalculator" time="0.263" classname="data.driven.DataDriven001"/>
  <testcase name="testBMICalculator" time="0.248" classname="data.driven.DataDriven001"/>
</testsuite> <!-- data.driven.DataDriven001 -->
