<?xml version="1.0" encoding="UTF-8"?>
<!-- Generated by org.testng.reporters.JUnitReportReporter -->
<testsuite skipped="0" hostname="mt-PC" name="com.karte.autobuske.bookingTests" tests="1" failures="0" timestamp="08 Jul 2018 12:28:10 GMT" time="8.835" errors="0">
  <testcase name="happyPath001" time="8.835" classname="com.karte.autobuske.bookingTests"/>
</testsuite> <!-- com.karte.autobuske.bookingTests -->
