<?xml version="1.0" encoding="UTF-8"?>
<!-- Generated by org.testng.reporters.JUnitReportReporter -->
<testsuite skipped="0" hostname="mt-PC" name="com.karte.autobuske.loginPageTests" tests="1" failures="0" timestamp="08 Jul 2018 12:28:10 GMT" time="6.151" errors="0">
  <testcase name="f" time="6.151" classname="com.karte.autobuske.loginPageTests"/>
</testsuite> <!-- com.karte.autobuske.loginPageTests -->
