<?xml version="1.0" encoding="UTF-8"?>
<!-- Generated by org.testng.reporters.JUnitReportReporter -->
<testsuite skipped="0" hostname="mt-PC" name="data.driven.DataDriven002ViaExcel" tests="4" failures="0" timestamp="08 Jul 2018 12:28:10 GMT" time="1.305" errors="0">
  <testcase name="testBMICalculator" time="0.478" classname="data.driven.DataDriven002ViaExcel"/>
  <testcase name="testBMICalculator" time="0.271" classname="data.driven.DataDriven002ViaExcel"/>
  <testcase name="testBMICalculator" time="0.256" classname="data.driven.DataDriven002ViaExcel"/>
  <testcase name="testBMICalculator" time="0.300" classname="data.driven.DataDriven002ViaExcel"/>
</testsuite> <!-- data.driven.DataDriven002ViaExcel -->
