<?xml version="1.0" encoding="UTF-8"?>
<!-- Generated by org.testng.reporters.JUnitReportReporter -->
<testsuite skipped="0" hostname="mt-PC" name="data.driven.DataDriven002" tests="4" failures="0" timestamp="08 Jul 2018 12:07:01 GMT" time="1.210" errors="0">
  <testcase name="testBMICalculator" time="0.452" classname="data.driven.DataDriven002"/>
  <testcase name="testBMICalculator" time="0.260" classname="data.driven.DataDriven002"/>
  <testcase name="testBMICalculator" time="0.246" classname="data.driven.DataDriven002"/>
  <testcase name="testBMICalculator" time="0.252" classname="data.driven.DataDriven002"/>
</testsuite> <!-- data.driven.DataDriven002 -->
