<?xml version="1.0" encoding="UTF-8"?>
<!-- Generated by org.testng.reporters.JUnitReportReporter -->
<testsuite skipped="0" hostname="mt-PC" name="data.driven.DataDriven001viaObjectProvider" tests="4" failures="0" timestamp="08 Jul 2018 12:28:10 GMT" time="1.185" errors="0">
  <testcase name="testBMICalculator" time="0.246" classname="data.driven.DataDriven001viaObjectProvider"/>
  <testcase name="testBMICalculator" time="0.444" classname="data.driven.DataDriven001viaObjectProvider"/>
  <testcase name="testBMICalculator" time="0.250" classname="data.driven.DataDriven001viaObjectProvider"/>
  <testcase name="testBMICalculator" time="0.245" classname="data.driven.DataDriven001viaObjectProvider"/>
</testsuite> <!-- data.driven.DataDriven001viaObjectProvider -->
